hsa--665	HOXB5
hsa--637	RNASE13
hsa--637	CPLX2
hsa--637	ABTB2
hsa--637	PPP1CA
hsa--200b	SEC23A
hsa--200b	FEZ2
hsa--520b	ZNF367
hsa--16	PHF19
hsa--3157	FLRT3
hsa--448	WRNIP1
hsa--3190	MOG
hsa--483	RUSC1
hsa--1915	TFE3
hsa--1915	CHTF8
hsa--625	TXK
hsa--625	UBE2N
hsa--625	HOXB5
hsa--625	SPOCK1
hsa--138	SIN3A
hsa--138	ZNF385A
hsa--138	DNAJB6
hsa--218-2	TTC13
hsa--4314	ZFP3
hsa--3136	SHOC2
hsa--616	ZNF22
hsa--181a	IL2
hsa--181a	ZNF559
hsa--6873	PPP2R5B
hsa--6873	LENG8
hsa--2110	ATP6V1G2
hsa--2110	ELK1
hsa--2110	SLC4A10
hsa--96	STK19
hsa--96	SH3KBP1
hsa--96	LRRC7
hsa--96	JMJD1C
hsa--1289	SLC25A18
hsa--512	ZNF213
hsa--3140	VTI1A
hsa--214	CPSF4
hsa--377	ETS1
hsa--4716	SRSF2
hsa--518d	ELOVL6
hsa--1304	FBXO45
hsa--6835	RAB6A
hsa--27a	DCUN1D4
hsa--27a	FAM133B
hsa--27a	ADORA2B
hsa--335	CASP7
hsa--1248	RIT2
hsa--1248	BCL6B
hsa--188	CHRDL1
hsa--188	TMEM128
hsa--188	ZNF586
hsa--188	ZNF565
hsa--188	CYBRD1
hsa--452	FAM8A1
hsa--320c	MLF1
hsa--296	KLK2
hsa--511	ZNF117
hsa--661	KCNAB2
hsa--661	SNAI3
hsa--7106	PXN
hsa--7106	DTX4
hsa--4302	STXBP1
hsa--3162	SEPT2
hsa--508	ANXA10
hsa--4257	TARBP2
hsa--19b	PTEN
hsa--3202	FOXP4
hsa--3202	ZNF664
hsa--3202	FKBP4
hsa--3149	CA10
hsa--3149	RAB33A
hsa--92a-1	LMLN
hsa--92a-1	SLC2A1
hsa--298	PDS5A
hsa--509-3	IP6K3
hsa--4326	PPM1M
hsa--130b	RNF38
hsa--130b	EMX2
hsa--4662a	ASB5
hsa--3144	MSX1
hsa--3144	ECEL1
hsa--623	TMEM213
hsa--3692	ZNF488
hsa--1252	CSTA
hsa--1252	LPP
hsa--1207	SMARCD1
hsa--1207	B4GALNT1
hsa--1207	CCL22
hsa--1207	CBX6
hsa--1207	SLC22A11
hsa--1207	VANGL2
hsa--1207	ITM2C
hsa--1207	DMBX1
hsa--1207	CD276
hsa--1207	ERF
hsa--1207	UBE2Z
hsa--1207	BCL7B
hsa--1207	SLC6A9
hsa--1207	GIT2
hsa--1207	CHPF
hsa--1207	FAM155B
hsa--1207	CD3EAP
hsa--148a	ZDHHC7
hsa--148a	NPTN
hsa--24-2	ZNF670
hsa--586	TPT1
hsa--3173	PLEKHB2
hsa--30b	SNX16
hsa--30b	MKRN3
hsa--29b-1	PWWP2A
hsa--1236	ZNF705D
hsa--1236	ZNF705A
hsa--1236	GPR182
hsa--501	TMSB15A
hsa--320e	SKA3
hsa--320e	FBXO45
hsa--181a-2	MMD
hsa--1	C5orf51
hsa--3119	CEACAM6
hsa--4763	DOLPP1
hsa--4763	MPP2
hsa-let-7f	BZW1
hsa--302d	CLDN12
hsa--765	SHISA6
hsa--765	KCND1
hsa--765	DBNDD2
hsa--765	PDX1
hsa--765	HOXC4
hsa--765	NOVA2
hsa--765	SYPL2
hsa--765	GLG1
hsa--765	SIX3
hsa--765	EN2
hsa--765	ABCG4
hsa--765	ASB16
hsa--765	ZNF444
hsa--765	POU2F2
hsa--765	URM1
hsa--765	RPH3A
hsa--15b	WNT3A
hsa--15b	SPRYD3
hsa--589	FOS
hsa--589	TSPYL5
hsa--939	TBC1D13
hsa--939	ZNF500
hsa--939	HS6ST1
hsa--939	STIM1
hsa--939	ARID3B
hsa--939	CLDN9
hsa--939	MFNG
hsa--939	CDR2L
hsa--1291	GLYCTK
hsa--323b	IL1A
hsa--1200	ACTL6A
hsa--1200	COCH
hsa--6867	ELOVL6
hsa--6867	SEPT6
hsa--7110	DIRAS1
hsa--7110	PPP6R1
hsa--7110	THRA
hsa--7110	ZDHHC22
hsa--7110	ZBTB7A
hsa--7110	OLIG3
hsa--7110	ELAVL3
hsa--135a	ADO
hsa--135a	ZNF302
hsa--135a	CPLX1
hsa--579	CADM2
hsa--579	C8orf86
hsa--520f	KDM1B
hsa--520f	CFL2
hsa--146a	IRAK1
hsa--146a	CDKN2AIP
hsa--582	BMP10
hsa--513a	TNPO1
hsa--608	FOXO4
hsa--608	CCL21
hsa--608	DAGLA
hsa--608	CDKN1A
hsa--608	TTBK1
hsa--608	TBX6
hsa--18b	BBX
hsa--18b	CREBL2
hsa--1323	SRI
hsa--2115	ZNF367
hsa--4789	PLCXD1
hsa--4789	KLHL23
hsa--429	VASH2
hsa--503	FAM122A
hsa--1294	GXYLT1
hsa--1294	YIPF1
hsa--1294	KCTD21
hsa--1294	DPAGT1
hsa--1294	THRSP
hsa--210	ISCU
hsa--1270	AFP
hsa--593	NCDN
hsa--593	SHISA7
hsa--92a-2	SYNGAP1
hsa--4524a	KDSR
hsa--519d	TGFBR2
hsa--519d	IRF9
hsa--3132	PPP1R1B
hsa--3132	SLC41A1
hsa--3132	PFDN2
hsa--198	PGC
hsa--545	MDM1
hsa--181d	ZNF844
hsa--181d	B4GALT1
hsa--181d	ZNF781
hsa--504	DNAJB7
hsa--200a	TMEM170B
hsa--3138	ISOC1
hsa--3138	ASAP1
hsa--3138	SPOPL
hsa--3138	HSPBP1
hsa--93	EPHA4
hsa--93	ENPP5
hsa--93	DNAJC27
hsa--942	RHOBTB1
hsa--101	STC1
hsa--101	ATXN1
hsa--101	CSRP2
hsa--101	POMP
hsa--101	ZMAT3
hsa--101	UBE2D1
hsa--101	ASPN
hsa--1263	KLF4
hsa--1229	WDR89
hsa--361	CTGF
hsa--141	ACOT7
hsa--141	ZEB2
hsa-let-7a	SLC5A9
hsa--518c	DLG2
hsa--98	MAP4K3
hsa--571	GPC6
hsa--3151	GNG13
hsa--150	FTH1
hsa--3128	TEX11
hsa--493	RHOT1
hsa--493	ARID1B
hsa--6804	FAM222B
hsa--185	FAM53C
hsa--185	RNF165
hsa--185	PML
hsa--185	FBXO41
hsa--4270	CCL22
hsa--4270	NCCRP1
hsa--4270	ZNF444
hsa--4270	RPH3A
hsa--20b	PDCD1LG2
hsa--20b	ZNFX1
hsa--423	PLCB1
hsa--423	MUL1
hsa--423	ST6GALNAC6
hsa--423	FAM222B
hsa--423	TMEM150A
hsa--423	PRRT1
hsa--106a	E2F5
hsa--486	FXYD6
hsa--486	SF3A1
hsa--486	GDI1
hsa--4680	ZNF655
hsa--515	PI15
hsa--5008	FAM53A
hsa--10b	KRTAP4-3
hsa--10b	RAB4A
hsa--17	CENPQ
hsa--17	PKD2
hsa--17	SLC40A1
hsa--17	VSX1
hsa--663b	BSPRY
hsa--454	MIER1
hsa--454	PIGA
hsa--3613	CCNJ
hsa--345	ZNF133
hsa--548k	BCL10
hsa--626	PAPOLB
hsa--626	SMCP
hsa--181b	ZNF584
hsa--21	KRIT1
hsa--206	TMSB4X
hsa--33a	NAT8
hsa--33a	CROT
hsa--196a	GATA6
hsa--196a	HMGA2
hsa--19a	QKI
hsa--19a	IMPDH1
hsa--19a	MATN3
hsa--19a	RNF11
hsa--601	SGK494
hsa--183	PFN2
hsa--183	UBE2D4
hsa--183	RHPN2
hsa--183	NUDT4
hsa--183	REV1
hsa--183	PSEN2
hsa--337	RBM41
hsa--363	MAN2A1
hsa--1272	FAM83C
hsa--1272	TCERG1L
hsa--3934	BOK
hsa--1265	CBX3
hsa--497	SEPT2
hsa--497	PAPPA
hsa--3126	PPP3R1
hsa--3126	GLIPR2
hsa--3164	MARCH1
hsa--218	RASSF2
hsa--218	RNF103
hsa--1183	XRN2
hsa--3065	NDUFS6
hsa--3065	BLMH
hsa--3065	C11orf87
hsa--3065	PI15
hsa--3065	SLC30A3
hsa--26a	BLOC1S2
hsa--26a	ART3
hsa--5000	MTPN
hsa--877	GPBP1
hsa--1266	PRMT5
hsa--1266	SLC25A44
hsa--518e	GIPC3
hsa--1468	COX8C
hsa--22	ESR1
hsa--574	DGKG
hsa--574	FOXI2
hsa--574	CCK
hsa--574	CALCOCO1
hsa--922	C17orf49
hsa-let-7d	CDC34
hsa-let-7d	E2F6
hsa-let-7d	HMGA2
hsa--192	CXCL2
hsa--766	POU2AF1
hsa--766	TTC9
hsa--766	TMEM164
hsa--1184	B3GALT4
hsa--1184	CAMK2G
hsa--9	FSTL1
hsa--9	LDLRAP1
hsa--9	SFXN2
hsa--9	ONECUT1
hsa--9	CLDN14
hsa--9	RANBP17
hsa--9	FRMD6
hsa--9	SOCS5
hsa--9	SLC31A2
hsa--9	VAV3
hsa--133a	HORMAD2
hsa--133a	OSCAR
hsa--133a	SYT2
hsa--133a	CAPN15
hsa--133a	GABARAPL1
hsa--133a	LASP1
hsa--133a	GPM6A
hsa--4256	IL6
hsa--221	CBWD2
hsa--221	VAPB
hsa--221	CBWD1
hsa--221	HECTD2
hsa--221	CBWD6
hsa--221	CBWD5
hsa--221	CBWD3
hsa--1909	CCDC113
hsa--1909	RCBTB2
hsa--3146	RARRES1
hsa--376c	TMEM38B
hsa--647	ICOS
hsa--4776	OCIAD1
hsa--6734	DOLPP1
hsa--3154	SORCS1
hsa--3154	ADRB3
hsa--3154	SRD5A1
hsa--143	DIRC2
hsa--3156	ZNF594
hsa--3156	RAB27A
hsa--615	SNAI1
hsa--615	CLIP3
hsa--615	ADAMTS14
hsa--615	ABI3
hsa--548m	TFRC
hsa--3160	ST8SIA5
hsa--519a	RTN1
hsa--1182	THBS3
hsa--367	MORC3
hsa--1203	TOMM40L
hsa--23a	ZNF676
hsa--23a	ZNF208
hsa--23a	ZNF257
hsa--23a	ZNF117
hsa--23a	PDE7A
hsa--449b	TPPP
hsa--449b	FRAT1
hsa--449b	FUT8
hsa--302c	ARID4B
hsa--202	CPEB2
hsa--606	STC1
hsa--212	RASA1
hsa--875	MTX3
hsa--153	GIF
hsa--153	ANGPT1
hsa--708	FOXJ3
hsa--708	ASPA
hsa--30a	DLGAP1
hsa--30a	ZNRF1
hsa--2113	HECTD2
hsa--4324	TOMM40L
hsa--145	MBTD1
hsa--130a	ARHGAP12
hsa--2355	RAB1B
hsa--3145	GPR63
hsa--624	NXT2
hsa--1324	INPP5F
hsa--1324	CELF2
hsa--1324	SNCB
hsa--617	EVI2A
hsa--617	RFXAP
hsa--1271	BRPF3
hsa--1271	ADCY6
hsa--1271	SIN3B
hsa--513c	SEPSECS
hsa--34a	MSR1
hsa--34a	TMEM184B
hsa--5011	PI15
hsa--671	ST8SIA5
hsa--671	C10orf25
hsa--671	SATB2
hsa--671	KRT9
hsa--671	LGALS3BP
hsa--671	CAMKK2
hsa--671	GALNT10
hsa--671	CA7
hsa--921	PTGER4
hsa--29b	XKR6
hsa--29b	ING3
hsa--29b	PI15
hsa--29b	HBP1
hsa--29b	ZBTB5
hsa--29b	NAV1
hsa--1260b	ATF6B
hsa--369	C8orf37
hsa--6509	KRAS
hsa--6509	CDK5RAP1
hsa--1226	S100A10
hsa--1226	MLLT11
hsa--767	NFIA
hsa--767	TMEM236
hsa--767	UPF3A
hsa--767	CNR1
hsa--767	COL11A1
hsa--767	PEG10
hsa--4260	MAG
hsa--1262	MFAP5
hsa--144	TBX1
hsa--888	FOXJ3
hsa--888	TRIB1
hsa--568	FRMD6
hsa--3127	FZD4
hsa--3127	PAFAH1B2
hsa--596	DPYSL2
hsa--29a	COL5A3
hsa--29a	NFIA
hsa--29a	TMEM236
hsa--29a	FEM1B
hsa--29a	TET2
hsa--29a	REV3L
hsa--29a	LYSMD1
hsa--570	YPEL2
hsa--124	LPP
hsa--124	SLC10A7
hsa--124	MITF
hsa--124	VPS37C
hsa--124	PTPN12
hsa--124	FRMD8
hsa--124	NFATC1
hsa--124	PARP16
hsa--124	LRRC58
hsa--124	KATNA1
hsa--124	EVI5
hsa--124	RHOG
hsa--124	MAGT1
hsa--124	RAD17
hsa--124	LRRC1
hsa--124	SERINC2
hsa--124	BMP6
hsa--124	TRIM45
hsa--124	GXYLT1
hsa--124	SLC50A1
hsa--124	SCAMP2
hsa--124	RAB27A
hsa--124	SLITRK6
hsa--124	SLC16A1
hsa--124	TMEM134
hsa--124	PTBP1
hsa--124	GALNT10
hsa--124	SMAD5
hsa--34b	ELMOD1
hsa--222	FNIP2
hsa--1285	NUDT19
hsa--125b-2	LPAR5
hsa--2114	LBH
hsa--135b	BCAT1
hsa--27b	PPARG
hsa--27b	CLIP4
hsa--27b	KITLG
hsa--27b	PYROXD1
hsa--383	SRSF2
hsa--193b	TNFRSF11B
hsa--934	AMELY
hsa--934	PDC
hsa--3152	CD40LG
hsa--342	PTPRN2
hsa--516b	CHAF1B
hsa--4719	GOLGA6L9
hsa--211	EPHB6
hsa--3192	ADAM29
hsa--3192	TIMP3
hsa--3192	PTGIS
hsa--30c	TWF1
hsa--583	MXI1
hsa--760	ZSWIM6
hsa--205	C11orf86
hsa--18a	RORA
hsa--18a	FAM76A
hsa--18a	C3orf18
hsa--18a	GLRB
hsa--18a	PNLIPRP3
hsa--18a	CDK19
hsa--18a	ESR1
hsa--1911	DISC1
hsa--331	PPFIA1
hsa--149	FIBCD1
hsa--149	GNAT1
hsa--149	RASSF5
hsa--149	LRRC10
hsa--149	ANKRD52
hsa--149	STARD3
hsa--149	LENG8
hsa--149	SLC9A3R2
hsa--149	PACS1
hsa--149	SLC22A9
hsa--149	CHST3
hsa--519e	FEZF1
hsa--466	PLCXD1
hsa--3120	DCUN1D4
hsa--522	DOCK7
hsa--24	KCNK2
hsa--24	STRADB
hsa--24	MPDU1
hsa--1827	ZNRF3
hsa--1827	SCAMP2
hsa--1827	CYP8B1
hsa--1827	FRG2C
hsa--1299	IL1RAPL2
hsa--1299	PTGS1
hsa--7	PIGH
hsa--7	CACNB4
hsa--7	RNF141
hsa--7	C5orf22
hsa--7	IDE
hsa--7	ERI2
hsa--182	LPP
hsa--182	SH2D1A
hsa--182	FRS2
hsa--182	TMEM50B
hsa--182	PCDH8
hsa--182	VAMP3
hsa--182	OPN1LW
hsa--182	OPN1MW
hsa--182	STK19
hsa--182	RAPGEF5
hsa--182	RASA1
hsa--182	SCML4
hsa--182	CTTN
hsa--3667	CAAP1
hsa--297	TFEC
hsa--297	NKAIN2
hsa--297	OLFM3
hsa--297	SCARA3
hsa--297	BVES
hsa--297	C20orf197
hsa--297	KCNJ3
hsa--297	OR11A1
hsa--6887	IGF2
hsa--6887	PEA15
hsa--6887	ZNF385A
hsa--6887	HMGA1
hsa--6887	RNF165
hsa--1283	WDR61
hsa--1283	NEDD9
hsa--140	LHFPL2
hsa--140	CBL
hsa--654	PGBD1
hsa--137	PDCD6
hsa--1278	ZDHHC11
hsa--107	AGFG1
hsa--15a	KIF1B
hsa--4775	TMEM236
hsa--20a	TMEM67
hsa--340	TAPBP
hsa--106b	ZNF367
hsa--6846	CPLX2
hsa--1197	ZNF501
hsa--6798	PPP2R2D
hsa--362	PPIC
hsa--362	HBG1
hsa--362	TRIM50
hsa--4802	HOMER1
hsa--541	ZNF781
hsa--30e	ARMC1
hsa--30e	CDKN1B
hsa--30e	TNFSF13B
hsa--30e	RFX6
